{
  "RSpec": {
    "coverage": {
      "/home/enow/Projects/ruby_and_rails/hotel_reservation_system/config/environment.rb": [
        null,
        1,
        null,
        null,
        1
      ],
      "/home/enow/Projects/ruby_and_rails/hotel_reservation_system/config/application.rb": [
        1,
        null,
        1,
        null,
        1,
        1,
        1,
        1,
        1,
        1,
        1,
        1,
        1,
        null,
        null,
        null,
        null,
        1,
        null,
        1,
        1,
        null,
        1,
        null,
        null,
        null,
        null,
        null,
        null,
        null,
        1,
        null,
        null
      ],
      "/home/enow/Projects/ruby_and_rails/hotel_reservation_system/config/boot.rb": [
        1,
        null,
        1,
        1
      ],
      "/home/enow/Projects/ruby_and_rails/hotel_reservation_system/config/environments/test.rb": [
        1,
        null,
        null,
        null,
        null,
        null,
        null,
        1,
        null,
        null,
        null,
        null,
        1,
        null,
        null,
        1,
        1,
        null,
        null,
        null,
        null,
        1,
        1,
        null,
        null,
        1,
        null,
        null,
        1,
        null,
        null,
        1,
        null,
        1,
        null,
        null,
        null,
        null,
        1,
        null,
        null,
        1,
        null,
        null,
        null,
        null
      ],
      "/home/enow/Projects/ruby_and_rails/hotel_reservation_system/config/initializers/application_controller_renderer.rb": [
        null,
        null,
        null,
        null,
        null,
        null,
        null,
        null
      ],
      "/home/enow/Projects/ruby_and_rails/hotel_reservation_system/config/initializers/assets.rb": [
        null,
        null,
        null,
        1,
        null,
        null,
        null,
        null,
        1,
        null,
        null,
        null,
        null,
        null
      ],
      "/home/enow/Projects/ruby_and_rails/hotel_reservation_system/config/initializers/backtrace_silencers.rb": [
        null,
        null,
        null,
        null,
        null,
        null,
        null
      ],
      "/home/enow/Projects/ruby_and_rails/hotel_reservation_system/config/initializers/content_security_policy.rb": [
        null,
        null,
        null,
        null,
        null,
        null,
        null,
        null,
        null,
        null,
        null,
        null,
        null,
        null,
        null,
        null,
        null,
        null,
        null,
        null,
        null,
        null,
        null,
        null,
        null
      ],
      "/home/enow/Projects/ruby_and_rails/hotel_reservation_system/config/initializers/cookies_serializer.rb": [
        null,
        null,
        null,
        null,
        1
      ],
      "/home/enow/Projects/ruby_and_rails/hotel_reservation_system/config/initializers/filter_parameter_logging.rb": [
        null,
        null,
        null,
        1
      ],
      "/home/enow/Projects/ruby_and_rails/hotel_reservation_system/config/initializers/inflections.rb": [
        null,
        null,
        null,
        null,
        null,
        null,
        null,
        null,
        null,
        null,
        null,
        null,
        null,
        null,
        null,
        null
      ],
      "/home/enow/Projects/ruby_and_rails/hotel_reservation_system/config/initializers/mime_types.rb": [
        null,
        null,
        null,
        null
      ],
      "/home/enow/Projects/ruby_and_rails/hotel_reservation_system/config/initializers/wrap_parameters.rb": [
        null,
        null,
        null,
        null,
        null,
        null,
        1,
        2,
        null,
        null,
        null,
        null,
        null,
        null
      ],
      "/home/enow/Projects/ruby_and_rails/hotel_reservation_system/config/routes.rb": [
        1,
        1,
        1,
        null,
        null
      ],
      "/home/enow/Projects/ruby_and_rails/hotel_reservation_system/app/helpers/application_helper.rb": [
        1,
        null
      ],
      "/home/enow/Projects/ruby_and_rails/hotel_reservation_system/app/helpers/room_categories_helper.rb": [
        1,
        null
      ],
      "/home/enow/Projects/ruby_and_rails/hotel_reservation_system/app/helpers/rooms_helper.rb": [
        1,
        null
      ],
      "/home/enow/Projects/ruby_and_rails/hotel_reservation_system/app/controllers/room_categories_controller.rb": [
        1,
        1,
        null,
        null,
        null,
        1,
        1,
        null,
        null,
        null,
        null,
        1,
        null,
        null,
        null,
        1,
        1,
        null,
        null,
        null,
        1,
        null,
        null,
        null,
        null,
        1,
        0,
        null,
        0,
        0,
        0,
        0,
        null,
        0,
        0,
        null,
        null,
        null,
        null,
        null,
        null,
        1,
        0,
        0,
        0,
        0,
        null,
        0,
        0,
        null,
        null,
        null,
        null,
        null,
        null,
        1,
        0,
        0,
        0,
        0,
        null,
        null,
        null,
        1,
        null,
        1,
        0,
        null,
        null,
        null,
        1,
        0,
        null,
        null
      ],
      "/home/enow/Projects/ruby_and_rails/hotel_reservation_system/app/controllers/application_controller.rb": [
        1,
        null
      ],
      "/home/enow/Projects/ruby_and_rails/hotel_reservation_system/app/controllers/rooms_controller.rb": [
        1,
        1,
        null,
        null,
        null,
        1,
        1,
        null,
        null,
        null,
        null,
        1,
        null,
        null,
        null,
        1,
        1,
        null,
        null,
        null,
        1,
        null,
        null,
        null,
        null,
        1,
        0,
        null,
        0,
        0,
        0,
        0,
        null,
        0,
        0,
        null,
        null,
        null,
        null,
        null,
        null,
        1,
        0,
        0,
        0,
        0,
        null,
        0,
        0,
        null,
        null,
        null,
        null,
        null,
        null,
        1,
        0,
        0,
        0,
        0,
        null,
        null,
        null,
        1,
        null,
        1,
        0,
        null,
        null,
        null,
        1,
        0,
        null,
        null
      ],
      "/home/enow/Projects/ruby_and_rails/hotel_reservation_system/app/models/room_category.rb": [
        1,
        1,
        null,
        1,
        1,
        1,
        1,
        null
      ],
      "/home/enow/Projects/ruby_and_rails/hotel_reservation_system/app/models/application_record.rb": [
        1,
        1,
        null
      ],
      "/home/enow/Projects/ruby_and_rails/hotel_reservation_system/app/models/room.rb": [
        1,
        1,
        null,
        1,
        1,
        1,
        null,
        null
      ]
    },
    "timestamp": 1566229182
  }
}
